{"/Users/matanshaked/development/Cachew/src/cache/index.ts": {"path":"/Users/matanshaked/development/Cachew/src/cache/index.ts","all":false,"statementMap":{"0":{"start":{"line":1,"column":0},"end":{"line":1,"column":27}},"1":{"start":{"line":2,"column":0},"end":{"line":2,"column":44}},"2":{"start":{"line":3,"column":0},"end":{"line":3,"column":46}},"3":{"start":{"line":4,"column":0},"end":{"line":4,"column":1}},"4":{"start":{"line":5,"column":0},"end":{"line":5,"column":0}},"5":{"start":{"line":6,"column":0},"end":{"line":6,"column":37}},"6":{"start":{"line":7,"column":0},"end":{"line":7,"column":46}},"7":{"start":{"line":8,"column":0},"end":{"line":8,"column":33}},"8":{"start":{"line":9,"column":0},"end":{"line":9,"column":5}},"9":{"start":{"line":10,"column":0},"end":{"line":10,"column":1}}},"s":{"0":1,"1":1,"2":1,"3":1,"4":1,"5":1,"6":1,"7":1,"8":1,"9":1},"branchMap":{"0":{"type":"branch","line":7,"loc":{"start":{"line":7,"column":4},"end":{"line":9,"column":5}},"locations":[{"start":{"line":7,"column":4},"end":{"line":9,"column":5}}]}},"b":{"0":[1]},"fnMap":{"0":{"name":"NotFound","decl":{"start":{"line":7,"column":4},"end":{"line":9,"column":5}},"loc":{"start":{"line":7,"column":4},"end":{"line":9,"column":5}},"line":7}},"f":{"0":1}}
,"/Users/matanshaked/development/Cachew/src/cache/ttl/index.ts": {"path":"/Users/matanshaked/development/Cachew/src/cache/ttl/index.ts","all":false,"statementMap":{"0":{"start":{"line":1,"column":0},"end":{"line":1,"column":25}},"1":{"start":{"line":2,"column":0},"end":{"line":2,"column":37}},"2":{"start":{"line":3,"column":0},"end":{"line":3,"column":42}},"3":{"start":{"line":4,"column":0},"end":{"line":4,"column":40}},"4":{"start":{"line":5,"column":0},"end":{"line":5,"column":35}},"5":{"start":{"line":6,"column":0},"end":{"line":6,"column":0}},"6":{"start":{"line":7,"column":0},"end":{"line":7,"column":46}},"7":{"start":{"line":8,"column":0},"end":{"line":8,"column":16}},"8":{"start":{"line":9,"column":0},"end":{"line":9,"column":48}},"9":{"start":{"line":10,"column":0},"end":{"line":10,"column":53}},"10":{"start":{"line":11,"column":0},"end":{"line":11,"column":52}},"11":{"start":{"line":12,"column":0},"end":{"line":12,"column":9}},"12":{"start":{"line":13,"column":0},"end":{"line":13,"column":0}},"13":{"start":{"line":14,"column":0},"end":{"line":14,"column":66}},"14":{"start":{"line":15,"column":0},"end":{"line":15,"column":56}},"15":{"start":{"line":16,"column":0},"end":{"line":16,"column":0}},"16":{"start":{"line":17,"column":0},"end":{"line":17,"column":46}},"17":{"start":{"line":18,"column":0},"end":{"line":18,"column":52}},"18":{"start":{"line":19,"column":0},"end":{"line":19,"column":9}},"19":{"start":{"line":20,"column":0},"end":{"line":20,"column":42}},"20":{"start":{"line":21,"column":0},"end":{"line":21,"column":45}},"21":{"start":{"line":22,"column":0},"end":{"line":22,"column":37}},"22":{"start":{"line":23,"column":0},"end":{"line":23,"column":9}},"23":{"start":{"line":24,"column":0},"end":{"line":24,"column":33}},"24":{"start":{"line":25,"column":0},"end":{"line":25,"column":5}},"25":{"start":{"line":26,"column":0},"end":{"line":26,"column":0}},"26":{"start":{"line":27,"column":0},"end":{"line":27,"column":53}},"27":{"start":{"line":28,"column":0},"end":{"line":28,"column":37}},"28":{"start":{"line":29,"column":0},"end":{"line":29,"column":79}},"29":{"start":{"line":30,"column":0},"end":{"line":30,"column":24}},"30":{"start":{"line":31,"column":0},"end":{"line":31,"column":11}},"31":{"start":{"line":32,"column":0},"end":{"line":32,"column":5}},"32":{"start":{"line":33,"column":0},"end":{"line":33,"column":0}},"33":{"start":{"line":34,"column":0},"end":{"line":34,"column":49}},"34":{"start":{"line":35,"column":0},"end":{"line":35,"column":60}},"35":{"start":{"line":36,"column":0},"end":{"line":36,"column":5}},"36":{"start":{"line":37,"column":0},"end":{"line":37,"column":1}}},"s":{"0":1,"1":1,"2":1,"3":1,"4":1,"5":1,"6":1,"7":1,"8":2,"9":2,"10":2,"11":2,"12":1,"13":1,"14":2,"15":2,"16":2,"17":1,"18":1,"19":2,"20":0,"21":0,"22":0,"23":1,"24":1,"25":1,"26":1,"27":1,"28":1,"29":1,"30":1,"31":1,"32":1,"33":1,"34":1,"35":1,"36":1},"branchMap":{"0":{"type":"branch","line":8,"loc":{"start":{"line":8,"column":4},"end":{"line":12,"column":9}},"locations":[{"start":{"line":8,"column":4},"end":{"line":12,"column":9}}]},"1":{"type":"branch","line":14,"loc":{"start":{"line":14,"column":10},"end":{"line":25,"column":5}},"locations":[{"start":{"line":14,"column":10},"end":{"line":25,"column":5}}]},"2":{"type":"branch","line":17,"loc":{"start":{"line":17,"column":45},"end":{"line":20,"column":41}},"locations":[{"start":{"line":17,"column":45},"end":{"line":20,"column":41}}]},"3":{"type":"branch","line":20,"loc":{"start":{"line":20,"column":41},"end":{"line":23,"column":9}},"locations":[{"start":{"line":20,"column":41},"end":{"line":23,"column":9}}]},"4":{"type":"branch","line":24,"loc":{"start":{"line":24,"column":-1},"end":{"line":25,"column":5}},"locations":[{"start":{"line":24,"column":-1},"end":{"line":25,"column":5}}]},"5":{"type":"branch","line":27,"loc":{"start":{"line":27,"column":10},"end":{"line":32,"column":5}},"locations":[{"start":{"line":27,"column":10},"end":{"line":32,"column":5}}]},"6":{"type":"branch","line":34,"loc":{"start":{"line":34,"column":12},"end":{"line":36,"column":5}},"locations":[{"start":{"line":34,"column":12},"end":{"line":36,"column":5}}]}},"b":{"0":[2],"1":[2],"2":[1],"3":[0],"4":[1],"5":[1],"6":[1]},"fnMap":{"0":{"name":"TtlCache","decl":{"start":{"line":8,"column":4},"end":{"line":12,"column":9}},"loc":{"start":{"line":8,"column":4},"end":{"line":12,"column":9}},"line":8},"1":{"name":"get","decl":{"start":{"line":14,"column":10},"end":{"line":25,"column":5}},"loc":{"start":{"line":14,"column":10},"end":{"line":25,"column":5}},"line":14},"2":{"name":"set","decl":{"start":{"line":27,"column":10},"end":{"line":32,"column":5}},"loc":{"start":{"line":27,"column":10},"end":{"line":32,"column":5}},"line":27},"3":{"name":"isExpired","decl":{"start":{"line":34,"column":12},"end":{"line":36,"column":5}},"loc":{"start":{"line":34,"column":12},"end":{"line":36,"column":5}},"line":34}},"f":{"0":2,"1":2,"2":1,"3":1}}
,"/Users/matanshaked/development/Cachew/src/storage/storage.memory.ts": {"path":"/Users/matanshaked/development/Cachew/src/storage/storage.memory.ts","all":false,"statementMap":{"0":{"start":{"line":1,"column":0},"end":{"line":1,"column":43}},"1":{"start":{"line":2,"column":0},"end":{"line":2,"column":0}},"2":{"start":{"line":3,"column":0},"end":{"line":3,"column":53}},"3":{"start":{"line":4,"column":0},"end":{"line":4,"column":41}},"4":{"start":{"line":5,"column":0},"end":{"line":5,"column":19}},"5":{"start":{"line":6,"column":0},"end":{"line":6,"column":29}},"6":{"start":{"line":7,"column":0},"end":{"line":7,"column":5}},"7":{"start":{"line":8,"column":0},"end":{"line":8,"column":51}},"8":{"start":{"line":9,"column":0},"end":{"line":9,"column":54}},"9":{"start":{"line":10,"column":0},"end":{"line":10,"column":5}},"10":{"start":{"line":11,"column":0},"end":{"line":11,"column":53}},"11":{"start":{"line":12,"column":0},"end":{"line":12,"column":33}},"12":{"start":{"line":13,"column":0},"end":{"line":13,"column":5}},"13":{"start":{"line":14,"column":0},"end":{"line":14,"column":0}},"14":{"start":{"line":15,"column":0},"end":{"line":15,"column":1}}},"s":{"0":1,"1":1,"2":1,"3":1,"4":1,"5":1,"6":1,"7":1,"8":2,"9":2,"10":1,"11":1,"12":1,"13":1,"14":1},"branchMap":{"0":{"type":"branch","line":5,"loc":{"start":{"line":5,"column":4},"end":{"line":7,"column":5}},"locations":[{"start":{"line":5,"column":4},"end":{"line":7,"column":5}}]},"1":{"type":"branch","line":8,"loc":{"start":{"line":8,"column":10},"end":{"line":10,"column":5}},"locations":[{"start":{"line":8,"column":10},"end":{"line":10,"column":5}}]},"2":{"type":"branch","line":9,"loc":{"start":{"line":9,"column":32},"end":{"line":9,"column":36}},"locations":[{"start":{"line":9,"column":32},"end":{"line":9,"column":36}}]},"3":{"type":"branch","line":9,"loc":{"start":{"line":9,"column":32},"end":{"line":9,"column":53}},"locations":[{"start":{"line":9,"column":32},"end":{"line":9,"column":53}}]},"4":{"type":"branch","line":11,"loc":{"start":{"line":11,"column":10},"end":{"line":13,"column":5}},"locations":[{"start":{"line":11,"column":10},"end":{"line":13,"column":5}}]}},"b":{"0":[1],"1":[2],"2":[1],"3":[1],"4":[1]},"fnMap":{"0":{"name":"InMemoryStorage","decl":{"start":{"line":5,"column":4},"end":{"line":7,"column":5}},"loc":{"start":{"line":5,"column":4},"end":{"line":7,"column":5}},"line":5},"1":{"name":"get","decl":{"start":{"line":8,"column":10},"end":{"line":10,"column":5}},"loc":{"start":{"line":8,"column":10},"end":{"line":10,"column":5}},"line":8},"2":{"name":"set","decl":{"start":{"line":11,"column":10},"end":{"line":13,"column":5}},"loc":{"start":{"line":11,"column":10},"end":{"line":13,"column":5}},"line":11}},"f":{"0":1,"1":2,"2":1}}
}
