TN:
SF:src/cache/index.ts
FN:7,NotFound
FNF:1
FNH:1
FNDA:1,NotFound
DA:1,1
DA:2,1
DA:3,1
DA:4,1
DA:5,1
DA:6,1
DA:7,1
DA:8,1
DA:9,1
DA:10,1
LF:10
LH:10
BRDA:7,0,0,1
BRF:1
BRH:1
end_of_record
TN:
SF:src/cache/ttl/index.ts
FN:8,TtlCache
FN:14,get
FN:27,set
FN:34,isExpired
FNF:4
FNH:4
FNDA:2,TtlCache
FNDA:2,get
FNDA:1,set
FNDA:1,isExpired
DA:1,1
DA:2,1
DA:3,1
DA:4,1
DA:5,1
DA:6,1
DA:7,1
DA:8,1
DA:9,2
DA:10,2
DA:11,2
DA:12,2
DA:13,1
DA:14,1
DA:15,2
DA:16,2
DA:17,2
DA:18,1
DA:19,1
DA:20,2
DA:21,0
DA:22,0
DA:23,0
DA:24,1
DA:25,1
DA:26,1
DA:27,1
DA:28,1
DA:29,1
DA:30,1
DA:31,1
DA:32,1
DA:33,1
DA:34,1
DA:35,1
DA:36,1
DA:37,1
LF:37
LH:34
BRDA:8,0,0,2
BRDA:14,1,0,2
BRDA:17,2,0,1
BRDA:20,3,0,0
BRDA:24,4,0,1
BRDA:27,5,0,1
BRDA:34,6,0,1
BRF:7
BRH:6
end_of_record
TN:
SF:src/storage/storage.memory.ts
FN:5,InMemoryStorage
FN:8,get
FN:11,set
FNF:3
FNH:3
FNDA:1,InMemoryStorage
FNDA:2,get
FNDA:1,set
DA:1,1
DA:2,1
DA:3,1
DA:4,1
DA:5,1
DA:6,1
DA:7,1
DA:8,1
DA:9,2
DA:10,2
DA:11,1
DA:12,1
DA:13,1
DA:14,1
DA:15,1
LF:15
LH:15
BRDA:5,0,0,1
BRDA:8,1,0,2
BRDA:9,2,0,1
BRDA:9,3,0,1
BRDA:11,4,0,1
BRF:5
BRH:5
end_of_record
